0 info it worked if it ends with ok
1 verbose cli [ '/usr/local/bin/node',
1 verbose cli   '/usr/local/bin/npm',
1 verbose cli   'install',
1 verbose cli   'Homebrew' ]
2 info using npm@2.15.9
3 info using node@v4.6.1
4 verbose install initial load of /Users/hao/code/git/SharGroup-Desktop/package.json
5 verbose installManyTop reading scoped package data from /Users/hao/code/git/SharGroup-Desktop/node_modules/autoprefixer-core/package.json
6 verbose installManyTop reading scoped package data from /Users/hao/code/git/SharGroup-Desktop/node_modules/grunt/package.json
7 verbose installManyTop reading scoped package data from /Users/hao/code/git/SharGroup-Desktop/node_modules/grunt-angular-templates/package.json
8 verbose installManyTop reading scoped package data from /Users/hao/code/git/SharGroup-Desktop/node_modules/grunt-concurrent/package.json
9 verbose installManyTop reading scoped package data from /Users/hao/code/git/SharGroup-Desktop/node_modules/grunt-contrib-clean/package.json
10 verbose installManyTop reading scoped package data from /Users/hao/code/git/SharGroup-Desktop/node_modules/grunt-contrib-compass/package.json
11 verbose installManyTop reading scoped package data from /Users/hao/code/git/SharGroup-Desktop/node_modules/grunt-contrib-concat/package.json
12 verbose installManyTop reading scoped package data from /Users/hao/code/git/SharGroup-Desktop/node_modules/grunt-contrib-connect/package.json
13 verbose installManyTop reading scoped package data from /Users/hao/code/git/SharGroup-Desktop/node_modules/grunt-contrib-copy/package.json
14 verbose installManyTop reading scoped package data from /Users/hao/code/git/SharGroup-Desktop/node_modules/grunt-contrib-cssmin/package.json
15 verbose installManyTop reading scoped package data from /Users/hao/code/git/SharGroup-Desktop/node_modules/grunt-contrib-htmlmin/package.json
16 verbose installManyTop reading scoped package data from /Users/hao/code/git/SharGroup-Desktop/node_modules/grunt-contrib-imagemin/package.json
17 verbose installManyTop reading scoped package data from /Users/hao/code/git/SharGroup-Desktop/node_modules/grunt-contrib-jshint/package.json
18 verbose installManyTop reading scoped package data from /Users/hao/code/git/SharGroup-Desktop/node_modules/grunt-contrib-uglify/package.json
19 verbose installManyTop reading scoped package data from /Users/hao/code/git/SharGroup-Desktop/node_modules/grunt-contrib-watch/package.json
20 verbose installManyTop reading scoped package data from /Users/hao/code/git/SharGroup-Desktop/node_modules/grunt-filerev/package.json
21 verbose installManyTop reading scoped package data from /Users/hao/code/git/SharGroup-Desktop/node_modules/grunt-google-cdn/package.json
22 verbose installManyTop reading scoped package data from /Users/hao/code/git/SharGroup-Desktop/node_modules/grunt-jscs/package.json
23 verbose installManyTop reading scoped package data from /Users/hao/code/git/SharGroup-Desktop/node_modules/grunt-newer/package.json
24 verbose installManyTop reading scoped package data from /Users/hao/code/git/SharGroup-Desktop/node_modules/grunt-ng-annotate/package.json
25 verbose installManyTop reading scoped package data from /Users/hao/code/git/SharGroup-Desktop/node_modules/grunt-postcss/package.json
26 verbose installManyTop reading scoped package data from /Users/hao/code/git/SharGroup-Desktop/node_modules/grunt-svgmin/package.json
27 verbose installManyTop reading scoped package data from /Users/hao/code/git/SharGroup-Desktop/node_modules/grunt-usemin/package.json
28 verbose installManyTop reading scoped package data from /Users/hao/code/git/SharGroup-Desktop/node_modules/grunt-wiredep/package.json
29 verbose installManyTop reading scoped package data from /Users/hao/code/git/SharGroup-Desktop/node_modules/jasmine-core/package.json
30 verbose installManyTop reading scoped package data from /Users/hao/code/git/SharGroup-Desktop/node_modules/jit-grunt/package.json
31 verbose installManyTop reading scoped package data from /Users/hao/code/git/SharGroup-Desktop/node_modules/jshint-stylish/package.json
32 verbose installManyTop reading scoped package data from /Users/hao/code/git/SharGroup-Desktop/node_modules/karma/package.json
33 verbose installManyTop reading scoped package data from /Users/hao/code/git/SharGroup-Desktop/node_modules/karma-jasmine/package.json
34 verbose installManyTop reading scoped package data from /Users/hao/code/git/SharGroup-Desktop/node_modules/karma-phantomjs-launcher/package.json
35 verbose installManyTop reading scoped package data from /Users/hao/code/git/SharGroup-Desktop/node_modules/phantomjs-prebuilt/package.json
36 verbose installManyTop reading scoped package data from /Users/hao/code/git/SharGroup-Desktop/node_modules/time-grunt/package.json
37 info package.json grunt-angular-templates@0.5.9 No license field.
38 info package.json grunt-contrib-concat@0.5.1 No license field.
39 info package.json grunt-contrib-copy@0.7.0 No license field.
40 info package.json grunt-contrib-clean@0.6.0 No license field.
41 info package.json grunt-contrib-cssmin@0.12.3 No license field.
42 info package.json grunt-contrib-htmlmin@0.4.0 No license field.
43 info package.json grunt-contrib-uglify@0.7.0 No license field.
44 info package.json grunt-contrib-connect@0.9.0 No license field.
45 info package.json grunt-filerev@2.3.1 license should be a valid SPDX license expression
46 info package.json grunt-google-cdn@0.4.3 license should be a valid SPDX license expression
47 info package.json grunt-contrib-watch@0.6.1 No license field.
48 info package.json grunt-svgmin@2.0.1 No license field.
49 info package.json grunt-wiredep@2.0.0 No license field.
50 verbose readDependencies loading dependencies from /Users/hao/code/git/SharGroup-Desktop/package.json
51 silly cache add args [ 'Homebrew', null ]
52 verbose cache add spec Homebrew
53 silly cache add parsed spec Result {
53 silly cache add   raw: 'Homebrew',
53 silly cache add   scope: null,
53 silly cache add   name: 'Homebrew',
53 silly cache add   rawSpec: '',
53 silly cache add   spec: 'latest',
53 silly cache add   type: 'tag' }
54 silly addNamed Homebrew@latest
55 verbose addNamed "latest" is being treated as a dist-tag for Homebrew
56 info addNameTag [ 'Homebrew', 'latest' ]
57 silly mapToRegistry name Homebrew
58 silly mapToRegistry using default registry
59 silly mapToRegistry registry https://registry.npmjs.org/
60 silly mapToRegistry data Result {
60 silly mapToRegistry   raw: 'Homebrew',
60 silly mapToRegistry   scope: null,
60 silly mapToRegistry   name: 'Homebrew',
60 silly mapToRegistry   rawSpec: '',
60 silly mapToRegistry   spec: 'latest',
60 silly mapToRegistry   type: 'tag' }
61 silly mapToRegistry uri https://registry.npmjs.org/Homebrew
62 verbose addNameTag registry:https://registry.npmjs.org/Homebrew not in flight; fetching
63 verbose request uri https://registry.npmjs.org/Homebrew
64 verbose request no auth needed
65 info attempt registry request try #1 at 10:50:05 PM
66 verbose request id 2cc6f6346d7a80be
67 http request GET https://registry.npmjs.org/Homebrew
68 http 404 https://registry.npmjs.org/Homebrew
69 verbose headers { 'content-type': 'application/json',
69 verbose headers   'cache-control': 'max-age=0',
69 verbose headers   'content-length': '2',
69 verbose headers   'accept-ranges': 'bytes',
69 verbose headers   date: 'Wed, 22 Feb 2017 03:50:06 GMT',
69 verbose headers   via: '1.1 varnish',
69 verbose headers   age: '0',
69 verbose headers   connection: 'keep-alive',
69 verbose headers   'x-served-by': 'cache-atl6236-ATL',
69 verbose headers   'x-cache': 'MISS',
69 verbose headers   'x-cache-hits': '0',
69 verbose headers   'x-timer': 'S1487735406.019737,VS0,VE370',
69 verbose headers   vary: 'Accept-Encoding' }
70 silly get cb [ 404,
70 silly get   { 'content-type': 'application/json',
70 silly get     'cache-control': 'max-age=0',
70 silly get     'content-length': '2',
70 silly get     'accept-ranges': 'bytes',
70 silly get     date: 'Wed, 22 Feb 2017 03:50:06 GMT',
70 silly get     via: '1.1 varnish',
70 silly get     age: '0',
70 silly get     connection: 'keep-alive',
70 silly get     'x-served-by': 'cache-atl6236-ATL',
70 silly get     'x-cache': 'MISS',
70 silly get     'x-cache-hits': '0',
70 silly get     'x-timer': 'S1487735406.019737,VS0,VE370',
70 silly get     vary: 'Accept-Encoding' } ]
71 verbose stack Error: Registry returned 404 for GET on https://registry.npmjs.org/Homebrew
71 verbose stack     at makeError (/usr/local/lib/node_modules/npm/node_modules/npm-registry-client/lib/request.js:264:12)
71 verbose stack     at CachingRegistryClient.<anonymous> (/usr/local/lib/node_modules/npm/node_modules/npm-registry-client/lib/request.js:242:14)
71 verbose stack     at Request._callback (/usr/local/lib/node_modules/npm/node_modules/npm-registry-client/lib/request.js:172:14)
71 verbose stack     at Request.self.callback (/usr/local/lib/node_modules/npm/node_modules/request/request.js:200:22)
71 verbose stack     at emitTwo (events.js:87:13)
71 verbose stack     at Request.emit (events.js:172:7)
71 verbose stack     at Request.<anonymous> (/usr/local/lib/node_modules/npm/node_modules/request/request.js:1067:10)
71 verbose stack     at emitOne (events.js:82:20)
71 verbose stack     at Request.emit (events.js:169:7)
71 verbose stack     at IncomingMessage.<anonymous> (/usr/local/lib/node_modules/npm/node_modules/request/request.js:988:12)
72 verbose statusCode 404
73 verbose pkgid Homebrew
74 verbose cwd /Users/hao/code/git/SharGroup-Desktop/app
75 error Darwin 15.6.0
76 error argv "/usr/local/bin/node" "/usr/local/bin/npm" "install" "Homebrew"
77 error node v4.6.1
78 error npm  v2.15.9
79 error code E404
80 error 404 Registry returned 404 for GET on https://registry.npmjs.org/Homebrew
80 error 404
80 error 404 'Homebrew' is not in the npm registry.
80 error 404 Your package name is not valid, because
80 error 404
80 error 404  1. name can no longer contain capital letters
80 error 404 It was specified as a dependency of 'shargroupdesktop'
80 error 404
80 error 404 Note that you can also install from a
80 error 404 tarball, folder, http url, or git url.
81 verbose exit [ 1, true ]
